{
  "stats": {
    "suites": 3,
    "tests": 3,
    "passes": 1,
    "pending": 0,
    "failures": 2,
    "start": "2020-03-03T07:26:44.741Z",
    "end": "2020-03-03T07:26:46.477Z",
    "duration": 1736,
    "testsRegistered": 3,
    "passPercent": 33.3,
    "pendingPercent": 0,
    "other": 0,
    "hasOther": false,
    "skipped": 0,
    "hasSkipped": false,
    "passPercentClass": "danger",
    "pendingPercentClass": "danger"
  },
  "suites": {
    "uuid": "a0760ef1-8b2f-4c97-b60d-c3d9175118ba",
    "title": "",
    "fullFile": "",
    "file": "",
    "beforeHooks": [],
    "afterHooks": [],
    "tests": [],
    "suites": [
      {
        "uuid": "df35c886-5ae0-438a-99e2-fd277aef7850",
        "title": "GET /app_mobile_stable/v2/getCart_b2c.php",
        "fullFile": "/Applications/MezeltosWorkspace/automated_test/API_TEST/loginController.test.js",
        "file": "/API_TEST/loginController.test.js",
        "beforeHooks": [],
        "afterHooks": [],
        "tests": [
          {
            "title": "should response empty cart",
            "fullTitle": "GET /app_mobile_stable/v2/getCart_b2c.php should response empty cart",
            "timedOut": false,
            "duration": 0,
            "state": "failed",
            "pass": false,
            "fail": true,
            "pending": false,
            "code": "chai.request(serverApi)\n.get('/getCart_b2c.php')\n.end((err,res)=> {\n  should.not.exist(err);\n  res.should.have.status(201);\n  res.type.should.equal('application/json');\n  res.body.should.be.a('object');\n  res.should.be.json;\n  res.body.result.should.include.keys(\n    'quote_id', 'can_checkout'\n    );\n  done();\n})",
            "err": {
              "message": "AssertionError: expected { Object (domain, _events, ...) } to have status code 201 but got 200",
              "estack": "AssertionError: expected { Object (domain, _events, ...) } to have status code 201 but got 200\n    at chai.request.get.end (API_TEST/loginController.test.js:15:23)\n    at Test.Request.callback (node_modules/superagent/lib/node/index.js:716:12)\n    at parser (node_modules/superagent/lib/node/index.js:916:18)\n    at IncomingMessage.res.on (node_modules/superagent/lib/node/parsers/json.js:19:7)\n    at endReadableNT (_stream_readable.js:1064:12)\n    at _combinedTickCallback (internal/process/next_tick.js:139:11)\n    at process._tickCallback (internal/process/next_tick.js:181:9)",
              "diff": "- 200\n+ 201\n"
            },
            "isRoot": false,
            "uuid": "9b1726ec-5c20-4bba-be4b-ee0a34216d60",
            "isHook": false,
            "skipped": false
          }
        ],
        "suites": [],
        "passes": [],
        "failures": [
          "9b1726ec-5c20-4bba-be4b-ee0a34216d60"
        ],
        "pending": [],
        "skipped": [],
        "duration": null,
        "root": false,
        "rootEmpty": false,
        "_timeout": 10000
      },
      {
        "uuid": "758ee00a-df25-46b9-ace1-57309bf9de96",
        "title": "GET /app_mobile_stable/v2/customer/login.php",
        "fullFile": "/Applications/MezeltosWorkspace/automated_test/API_TEST/loginController.test.js",
        "file": "/API_TEST/loginController.test.js",
        "beforeHooks": [],
        "afterHooks": [],
        "tests": [
          {
            "title": "should response empty cart",
            "fullTitle": "GET /app_mobile_stable/v2/customer/login.php should response empty cart",
            "timedOut": false,
            "duration": 0,
            "state": "failed",
            "pass": false,
            "fail": true,
            "pending": false,
            "code": "chai.request(serverApi)\n.post('/customer/login.php')\n.send({\"body\":{\"email\":\"medianto.jaelani@gmail.com\",\"password\":\"password\"}})\n.end((err,res)=> {\n  should.not.exist(err);\n  res.should.have.status(200);\n  res.type.should.equal('application/json');\n  res.body.should.be.a('object');\n  res.should.be.json;\n  res.body.result.status_code.should.eql(200);\n  res.body.result.response.should.eql('success');\n  res.body.should.include.keys(\n    'token'\n    );\n    token = res.body.token\n  done();\n})",
            "err": {
              "message": "AssertionError: expected 400 to deeply equal 200",
              "estack": "AssertionError: expected 400 to deeply equal 200\n    at chai.request.post.send.end (API_TEST/loginController.test.js:39:42)\n    at Test.Request.callback (node_modules/superagent/lib/node/index.js:716:12)\n    at parser (node_modules/superagent/lib/node/index.js:916:18)\n    at IncomingMessage.res.on (node_modules/superagent/lib/node/parsers/json.js:19:7)\n    at endReadableNT (_stream_readable.js:1064:12)\n    at _combinedTickCallback (internal/process/next_tick.js:139:11)\n    at process._tickCallback (internal/process/next_tick.js:181:9)",
              "diff": "- 400\n+ 200\n"
            },
            "isRoot": false,
            "uuid": "464dfa0d-9cf1-4832-8646-cc050ce8a856",
            "isHook": false,
            "skipped": false
          }
        ],
        "suites": [],
        "passes": [],
        "failures": [
          "464dfa0d-9cf1-4832-8646-cc050ce8a856"
        ],
        "pending": [],
        "skipped": [],
        "duration": null,
        "root": false,
        "rootEmpty": false,
        "_timeout": 10000
      },
      {
        "uuid": "678d3d75-05d0-4715-b43d-c673ddcb6233",
        "title": "GET /app_mobile_stable/v2/customer/login.php",
        "fullFile": "/Applications/MezeltosWorkspace/automated_test/API_TEST/loginController.test.js",
        "file": "/API_TEST/loginController.test.js",
        "beforeHooks": [],
        "afterHooks": [],
        "tests": [
          {
            "title": "should response empty cart",
            "fullTitle": "GET /app_mobile_stable/v2/customer/login.php should response empty cart",
            "timedOut": false,
            "duration": 1,
            "state": "passed",
            "speed": "fast",
            "pass": true,
            "fail": false,
            "pending": false,
            "code": "console.log(token)\ndone();",
            "err": {},
            "isRoot": false,
            "uuid": "351b9842-0b3f-4545-bf78-479e489b6b5b",
            "isHook": false,
            "skipped": false
          }
        ],
        "suites": [],
        "passes": [
          "351b9842-0b3f-4545-bf78-479e489b6b5b"
        ],
        "failures": [],
        "pending": [],
        "skipped": [],
        "duration": 1,
        "root": false,
        "rootEmpty": false,
        "_timeout": 10000
      }
    ],
    "passes": [],
    "failures": [],
    "pending": [],
    "skipped": [],
    "duration": 0,
    "root": true,
    "rootEmpty": true,
    "_timeout": 10000
  },
  "copyrightYear": 2020
}