{
  "stats": {
    "suites": 3,
    "tests": 3,
    "passes": 1,
    "pending": 0,
    "failures": 2,
    "start": "2019-03-11T04:44:22.237Z",
    "end": "2019-03-11T04:44:33.046Z",
    "duration": 10809,
    "testsRegistered": 3,
    "passPercent": 33.3,
    "pendingPercent": 0,
    "other": 0,
    "hasOther": false,
    "skipped": 0,
    "hasSkipped": false,
    "passPercentClass": "danger",
    "pendingPercentClass": "danger"
  },
  "suites": {
    "uuid": "ee33a82f-6021-46a9-b54f-2de1facbf699",
    "title": "",
    "fullFile": "",
    "file": "",
    "beforeHooks": [],
    "afterHooks": [],
    "tests": [],
    "suites": [
      {
        "uuid": "42c6c51d-5382-4dff-8b70-882721e5c6e0",
        "title": "GET /app_mobile_stable/v2/getCart_b2c.php",
        "fullFile": "/Applications/MezeltosWorkspace/automated_test/API_TEST/loginController.test.js",
        "file": "/API_TEST/loginController.test.js",
        "beforeHooks": [],
        "afterHooks": [],
        "tests": [
          {
            "title": "should response empty cart",
            "fullTitle": "GET /app_mobile_stable/v2/getCart_b2c.php should response empty cart",
            "timedOut": false,
            "duration": 0,
            "state": "failed",
            "pass": false,
            "fail": true,
            "pending": false,
            "code": "chai.request(serverApi)\n.get('/getCart_b2c.php')\n.end((err,res)=> {\n  should.not.exist(err);\n  res.should.have.status(201);\n  res.type.should.equal('application/json');\n  res.body.should.be.a('object');\n  res.should.be.json;\n  res.body.result.should.include.keys(\n    'quote_id', 'can_checkout'\n    );\n  done();\n})",
            "err": {
              "message": "AssertionError: expected { Object (domain, _events, ...) } to have status code 201 but got 200",
              "estack": "AssertionError: expected { Object (domain, _events, ...) } to have status code 201 but got 200\n    at chai.request.get.end (API_TEST/loginController.test.js:15:23)\n    at Test.Request.callback (node_modules/superagent/lib/node/index.js:716:12)\n    at parser (node_modules/superagent/lib/node/index.js:916:18)\n    at IncomingMessage.res.on (node_modules/superagent/lib/node/parsers/json.js:19:7)\n    at endReadableNT (_stream_readable.js:1064:12)\n    at _combinedTickCallback (internal/process/next_tick.js:139:11)\n    at process._tickCallback (internal/process/next_tick.js:181:9)",
              "diff": "- 200\n+ 201\n"
            },
            "isRoot": false,
            "uuid": "a980f594-78c9-4997-b68d-907a335f7e36",
            "isHook": false,
            "skipped": false
          }
        ],
        "suites": [],
        "passes": [],
        "failures": [
          "a980f594-78c9-4997-b68d-907a335f7e36"
        ],
        "pending": [],
        "skipped": [],
        "duration": null,
        "root": false,
        "rootEmpty": false,
        "_timeout": 10000
      },
      {
        "uuid": "0d3cc407-b084-4c05-9a9e-d0fa9e381de6",
        "title": "GET /app_mobile_stable/v2/customer/login.php",
        "fullFile": "/Applications/MezeltosWorkspace/automated_test/API_TEST/loginController.test.js",
        "file": "/API_TEST/loginController.test.js",
        "beforeHooks": [],
        "afterHooks": [],
        "tests": [
          {
            "title": "should response empty cart",
            "fullTitle": "GET /app_mobile_stable/v2/customer/login.php should response empty cart",
            "timedOut": false,
            "duration": 102,
            "state": "passed",
            "speed": "slow",
            "pass": true,
            "fail": false,
            "pending": false,
            "code": "chai.request(serverApi)\n.post('/customer/login.php')\n.send({\"body\":{\"email\":\"medianto.jaelani@gmail.com\",\"password\":\"Sebelas20\"}})\n.end((err,res)=> {\n  should.not.exist(err);\n  res.should.have.status(200);\n  res.type.should.equal('application/json');\n  res.body.should.be.a('object');\n  res.should.be.json;\n  res.body.result.status_code.should.eql(200);\n  res.body.result.response.should.eql('success');\n  res.body.should.include.keys(\n    'token'\n    );\n    token = res.body.token\n  done();\n})",
            "err": {},
            "isRoot": false,
            "uuid": "780a6871-e28a-4a18-97e8-1a3b9ebe72bb",
            "isHook": false,
            "skipped": false
          }
        ],
        "suites": [],
        "passes": [
          "780a6871-e28a-4a18-97e8-1a3b9ebe72bb"
        ],
        "failures": [],
        "pending": [],
        "skipped": [],
        "duration": 102,
        "root": false,
        "rootEmpty": false,
        "_timeout": 10000
      },
      {
        "uuid": "12e0057f-521c-421c-8047-4831c1e28dac",
        "title": "GET /app_mobile_stable/v2/customer/login.php",
        "fullFile": "/Applications/MezeltosWorkspace/automated_test/API_TEST/loginController.test.js",
        "file": "/API_TEST/loginController.test.js",
        "beforeHooks": [],
        "afterHooks": [],
        "tests": [
          {
            "title": "should response empty cart",
            "fullTitle": "GET /app_mobile_stable/v2/customer/login.php should response empty cart",
            "timedOut": true,
            "duration": 10001,
            "state": "failed",
            "pass": false,
            "fail": true,
            "pending": false,
            "code": "console.log(token)",
            "err": {
              "message": "Error: Timeout of 10000ms exceeded. For async tests and hooks, ensure \"done()\" is called; if returning a Promise, ensure it resolves. (/Applications/MezeltosWorkspace/automated_test/API_TEST/loginController.test.js)",
              "estack": "Error: Timeout of 10000ms exceeded. For async tests and hooks, ensure \"done()\" is called; if returning a Promise, ensure it resolves. (/Applications/MezeltosWorkspace/automated_test/API_TEST/loginController.test.js)"
            },
            "isRoot": false,
            "uuid": "7c89c3be-ce75-4166-b825-f9cc7474ad12",
            "isHook": false,
            "skipped": false
          }
        ],
        "suites": [],
        "passes": [],
        "failures": [
          "7c89c3be-ce75-4166-b825-f9cc7474ad12"
        ],
        "pending": [],
        "skipped": [],
        "duration": 10001,
        "root": false,
        "rootEmpty": false,
        "_timeout": 10000
      }
    ],
    "passes": [],
    "failures": [],
    "pending": [],
    "skipped": [],
    "duration": 0,
    "root": true,
    "rootEmpty": true,
    "_timeout": 10000
  },
  "copyrightYear": 2019
}